[2023-07-16T11:34:50.867Z] INFO: POST / addCrtfc
[2023-07-16T12:25:24.259Z] INFO: POST / addCrtfc
[2023-07-16T12:25:30.942Z] INFO: GET / getMyCrtfc
[2023-07-16T12:26:33.903Z] INFO: GET / getUserCrtfc
[2023-07-16T12:27:40.869Z] INFO: PUT / updateCrtfc
[2023-07-16T12:28:28.638Z] INFO: DELETE / deleteCrtfc
[2023-07-16T12:29:28.028Z] INFO: POST / addEducation
[2023-07-16T12:29:31.840Z] INFO: POST / addEducation
[2023-07-16T12:29:34.719Z] INFO: POST / addEducation
[2023-07-16T12:29:38.387Z] INFO: POST / addEducation
[2023-07-16T12:29:41.928Z] INFO: GET / getMyEducation
[2023-07-16T12:30:20.125Z] INFO: GET / getUserEducation
[2023-07-16T12:30:28.826Z] INFO: GET / getUserEducation
[2023-07-16T12:31:02.200Z] INFO: PUT / updateEducation
[2023-07-16T12:31:32.282Z] INFO: PUT / updateEducation
[2023-07-16T12:31:39.652Z] INFO: DELETE / deleteEducation
[2023-07-16T13:47:11.799Z] INFO: GET / getUserCrtfc
[2023-07-16T13:47:47.383Z] INFO: GET / getUserEducation
[2023-07-16T13:47:47.385Z] INFO: GET / getUserCrtfc
[2023-07-16T13:47:50.424Z] INFO: GET / getUserEducation
[2023-07-16T13:48:10.662Z] INFO: GET / getUserEducation
[2023-07-16T13:48:15.554Z] INFO: GET / getUserEducation
[2023-07-16T13:48:15.559Z] INFO: GET / getUserCrtfc
[2023-07-16T13:48:35.133Z] INFO: POST / addEducation
[2023-07-16T13:48:37.286Z] INFO: GET / getUserEducation
[2023-07-16T13:48:37.290Z] INFO: GET / getUserCrtfc
[2023-07-16T13:57:44.665Z] INFO: GET / getUserEducation
[2023-07-16T13:57:44.671Z] INFO: GET / getUserCrtfc
[2023-07-16T13:58:35.355Z] INFO: GET / getUserEducation
[2023-07-16T13:58:35.361Z] INFO: GET / getUserCrtfc
[2023-07-16T14:12:41.312Z] INFO: GET / getUserEducation
[2023-07-16T14:12:41.315Z] INFO: GET / getUserCrtfc
[2023-07-16T14:13:02.641Z] INFO: GET / getUserEducation
[2023-07-16T14:13:02.643Z] INFO: GET / getUserCrtfc
[2023-07-16T14:13:08.763Z] INFO: GET / getUserEducation
[2023-07-16T14:13:08.765Z] INFO: GET / getUserCrtfc
[2023-07-16T14:16:11.793Z] INFO: GET / getUserEducation
[2023-07-16T14:16:11.801Z] INFO: GET / getUserCrtfc
[2023-07-16T14:16:28.489Z] INFO: GET / getUserEducation
[2023-07-16T14:16:28.494Z] INFO: GET / getUserCrtfc
[2023-07-16T14:16:48.294Z] INFO: GET / getUserEducation
[2023-07-16T14:16:48.296Z] INFO: GET / getUserCrtfc
[2023-07-16T14:21:40.268Z] INFO: PUT / updateEducation
[2023-07-16T14:21:47.482Z] INFO: GET / getUserEducation
[2023-07-16T14:21:47.484Z] INFO: GET / getUserCrtfc
[2023-07-16T14:53:20.843Z] INFO: GET / getUserEducation
[2023-07-16T14:53:20.845Z] INFO: GET / getUserCrtfc
[2023-07-16T15:30:06.167Z] INFO: GET / getUserEducation
[2023-07-16T15:30:06.169Z] INFO: GET / getUserCrtfc
[2023-07-16T15:32:34.665Z] INFO: GET / getUserEducation
[2023-07-16T15:34:27.387Z] INFO: GET / getUserEducation
[2023-07-16T15:34:33.162Z] INFO: GET / getUserEducation
[2023-07-16T15:34:38.949Z] INFO: GET / getUserEducation
[2023-07-16T15:34:38.952Z] INFO: GET / getUserCrtfc
[2023-07-16T15:34:44.094Z] INFO: GET / getUserEducation
[2023-07-16T15:34:44.099Z] INFO: GET / getUserCrtfc
[2023-07-16T15:48:43.981Z] INFO: GET / getUserEducation
[2023-07-16T15:48:46.915Z] INFO: GET / getUserEducation
[2023-07-16T15:48:46.920Z] INFO: GET / getUserCrtfc
[2023-07-16T15:48:52.304Z] INFO: GET / getUserEducation
[2023-07-16T15:48:52.316Z] INFO: GET / getUserCrtfc
[2023-07-16T15:48:54.815Z] INFO: DELETE / deleteEducation
[2023-07-16T15:49:01.381Z] INFO: GET / getUserEducation
[2023-07-16T15:49:01.385Z] INFO: GET / getUserCrtfc
[2023-07-16T15:54:13.340Z] INFO: GET / getUserEducation
[2023-07-16T15:54:13.343Z] INFO: GET / getUserCrtfc
[2023-07-16T15:54:13.701Z] INFO: GET / getUserEducation
[2023-07-16T15:54:13.714Z] INFO: GET / getUserCrtfc
[2023-07-16T16:07:16.849Z] INFO: GET / getUserEducation
[2023-07-16T16:07:16.851Z] INFO: GET / getUserCrtfc
[2023-07-16T16:07:27.653Z] INFO: GET / getUserEducation
[2023-07-16T16:07:27.677Z] INFO: GET / getUserEducation
[2023-07-16T16:07:29.935Z] INFO: GET / getUserEducation
[2023-07-16T16:07:29.936Z] INFO: GET / getUserCrtfc
[2023-07-16T16:08:47.198Z] INFO: GET / getUserEducation
[2023-07-16T16:08:47.200Z] INFO: GET / getUserCrtfc
[2023-07-16T16:08:47.704Z] INFO: GET / getUserEducation
[2023-07-16T16:08:47.705Z] INFO: GET / getUserCrtfc
[2023-07-16T16:33:18.753Z] INFO: GET / getUserEducation
[2023-07-16T16:33:18.757Z] INFO: GET / getUserCrtfc
[2023-07-16T16:33:23.372Z] INFO: GET / getUserEducation
[2023-07-16T16:33:23.375Z] INFO: GET / getUserCrtfc
[2023-07-16T16:36:56.590Z] INFO: POST / addEducation
[2023-07-16T16:37:09.054Z] INFO: GET / getUserEducation
[2023-07-16T16:37:09.057Z] INFO: GET / getUserCrtfc
[2023-07-16T16:37:18.808Z] INFO: DELETE / deleteEducation
[2023-07-16T16:50:22.714Z] INFO: GET / getUserEducation
[2023-07-16T16:50:36.029Z] INFO: GET / getUserEducation
[2023-07-16T16:50:36.034Z] INFO: GET / getUserCrtfc
[2023-07-16T16:54:32.082Z] INFO: GET / getUserEducation
[2023-07-16T16:54:32.084Z] INFO: GET / getUserCrtfc
[2023-07-16T16:55:06.066Z] INFO: GET / getUserEducation
[2023-07-16T16:55:06.070Z] INFO: GET / getUserCrtfc
[2023-07-16T16:56:06.036Z] INFO: GET / getUserEducation
[2023-07-16T16:56:06.037Z] INFO: GET / getUserCrtfc
[2023-07-16T16:58:19.705Z] INFO: GET / getUserEducation
[2023-07-16T16:58:19.719Z] INFO: GET / getUserCrtfc
[2023-07-16T16:59:32.321Z] INFO: GET / getUserEducation
[2023-07-16T16:59:32.323Z] INFO: GET / getUserCrtfc
[2023-07-16T16:59:58.403Z] INFO: GET / getUserEducation
[2023-07-16T16:59:58.406Z] INFO: GET / getUserCrtfc
[2023-07-16T17:00:18.019Z] INFO: GET / getUserEducation
[2023-07-16T17:00:18.020Z] INFO: GET / getUserCrtfc
[2023-07-16T17:00:41.203Z] INFO: GET / getUserEducation
[2023-07-16T17:00:41.208Z] INFO: GET / getUserCrtfc
[2023-07-16T17:01:18.085Z] INFO: POST / addEducation
[2023-07-16T17:01:23.994Z] INFO: GET / getUserEducation
[2023-07-16T17:01:23.995Z] INFO: GET / getUserCrtfc
[2023-07-16T17:02:59.568Z] INFO: GET / getUserEducation
[2023-07-16T17:02:59.570Z] INFO: GET / getUserCrtfc
[2023-07-16T17:03:46.754Z] INFO: GET / getUserEducation
[2023-07-16T17:03:46.756Z] INFO: GET / getUserCrtfc
[2023-07-16T17:04:06.066Z] INFO: GET / getUserEducation
[2023-07-16T17:04:06.070Z] INFO: GET / getUserCrtfc
[2023-07-16T17:04:12.968Z] INFO: DELETE / deleteEducation
[2023-07-16T17:04:18.735Z] INFO: POST / addEducation
[2023-07-16T17:04:20.606Z] INFO: GET / getUserEducation
[2023-07-16T17:04:20.611Z] INFO: GET / getUserCrtfc
[2023-07-16T17:14:15.678Z] INFO: GET / getUserEducation
[2023-07-16T17:14:21.666Z] INFO: GET / getUserEducation
[2023-07-16T17:15:37.265Z] INFO: GET / getUserEducation
[2023-07-16T17:15:37.267Z] INFO: GET / getUserCrtfc
[2023-07-16T17:15:55.877Z] INFO: GET / getUserEducation
[2023-07-16T17:15:55.886Z] INFO: GET / getUserCrtfc
[2023-07-16T17:29:21.766Z] INFO: GET / getUserEducation
[2023-07-16T17:30:33.692Z] INFO: GET / getUserEducation
[2023-07-16T17:30:38.672Z] INFO: GET / getUserEducation
[2023-07-16T17:30:50.666Z] INFO: GET / getUserEducation
[2023-07-16T17:31:19.678Z] INFO: GET / getUserEducation
[2023-07-16T17:31:58.667Z] INFO: GET / getUserEducation
[2023-07-16T17:36:55.806Z] INFO: PUT / updateEducation
[2023-07-16T17:37:04.299Z] INFO: GET / getUserCrtfc
[2023-07-16T17:37:04.301Z] INFO: GET / getUserEducation
[2023-07-16T17:37:11.926Z] INFO: PUT / updateEducation
[2023-07-16T17:37:20.902Z] INFO: GET / getUserEducation
[2023-07-16T17:37:20.904Z] INFO: GET / getUserCrtfc
[2023-07-16T17:37:51.513Z] INFO: PUT / updateEducation
[2023-07-16T17:38:02.361Z] INFO: POST / addEducation
[2023-07-16T17:38:12.130Z] INFO: GET / getUserEducation
[2023-07-16T17:38:12.131Z] INFO: GET / getUserCrtfc
[2023-07-16T17:39:37.304Z] INFO: POST / addEducation
[2023-07-16T17:39:40.569Z] INFO: DELETE / deleteEducation
[2023-07-16T17:39:42.177Z] INFO: DELETE / deleteEducation
[2023-07-16T17:39:43.786Z] INFO: DELETE / deleteEducation
[2023-07-16T17:39:50.897Z] INFO: POST / addEducation
