[2023-07-17 15:28:58] INFO: POST / addCrtfc
[2023-07-17 15:28:58] INFO: ::1 POST /crtfc 200 40.051 ms - 270

[2023-07-17 15:44:05] INFO: Request: POST /crtfc
[2023-07-17 15:44:05] INFO: Request Body: {"title":"ㅋ3수정정1","license":"1111","issuer":"student","issuedDate":"2023-03-03","langscore":"11"}
[2023-07-17 15:44:05] INFO: Request Params: {}
[2023-07-17 15:44:05] INFO: POST / addCrtfc
[2023-07-17 15:44:05] INFO: ::1 POST /crtfc 200 75.725 ms - 270

[2023-07-17 15:45:52] INFO: Request: POST /crtfc
[2023-07-17 15:45:52] INFO: Request Body: {"title":"ㅋ3로그테스트트","license":"1111","issuer":"student","issuedDate":"2023-03-03","langscore":"11"}
[2023-07-17 15:45:52] INFO: Request Params: {}
[2023-07-17 15:45:52] INFO: ::1 POST /crtfc 200 59.991 ms - 278

[2023-07-17 15:49:57] INFO: Request Body: {"title":"ㅋ3로그테스트트","license":"1111","issuer":"student","issuedDate":"2023-03-03","langscore":"11"}
[2023-07-17 15:49:57] INFO: Request Params: {}
[2023-07-17 15:49:57] INFO: ::1 GET /crtfc 200 43.448 ms - 5481

[2023-07-17 15:51:23] INFO: Request Body: {"title":"ㅋ3로그테스트트","license":"1111","issuer":"student","issuedDate":"2023-03-03","langscore":"11"}
[2023-07-17 15:51:23] INFO: Request Params: {}
[2023-07-17 15:51:23] INFO: ::1 GET /crtfc/64b35d374372a1e7d83f77ee 200 21.204 ms - 5481

[2023-07-17 15:52:16] INFO: Request Body: {"title":"ㅋ3로그테스2","license":"1111","issuer":"student","issuedDate":"2023-03-03","langscore":"11"}
[2023-07-17 15:52:16] INFO: Request Params: {}
[2023-07-17 15:52:16] INFO: ::1 PUT /crtfc/64b4e3a0ff9d0df7686890fc 200 65.615 ms - 273

[2023-07-17 15:52:43] INFO: Request Body: {"title":"ㅋ3로그테스2","license":"1111","issuer":"student","issuedDate":"2023-03-03","langscore":"11"}
[2023-07-17 15:52:43] INFO: Request Params: {}
[2023-07-17 15:52:43] INFO: ::1 DELETE /crtfc/64b4e3a0ff9d0df7686890fc 200 29.372 ms - 273

[2023-07-17 15:53:57] INFO: Request Body: {"title":"ㅋ3로그테스2","major":"11dasf","grades":"11","startDate":"2023-03-03","endDate":"2023-03-03"}
[2023-07-17 15:53:57] INFO: Request Params: {}
[2023-07-17 15:53:57] INFO: Request Body: {"title":"ㅋ3로그테스2","major":"11dasf","grades":"11","startDate":"2023-03-03","endDate":"2023-03-03"}
[2023-07-17 15:53:57] INFO: Request Params: {}
[2023-07-17 15:53:57] INFO: ::1 DELETE /education 404 5.359 ms - 151

[2023-07-17 15:53:57] INFO: ::1 DELETE /education 404 5.359 ms - 151

[2023-07-17 15:54:06] INFO: Request Body: {"title":"ㅋ3로그테스2","major":"11dasf","grades":"11","startDate":"2023-03-03","endDate":"2023-03-03"}
[2023-07-17 15:54:06] INFO: Request Params: {}
[2023-07-17 15:54:06] INFO: Request Body: {"title":"ㅋ3로그테스2","major":"11dasf","grades":"11","startDate":"2023-03-03","endDate":"2023-03-03"}
[2023-07-17 15:54:06] INFO: Request Params: {}
[2023-07-17 15:54:06] INFO: ::1 POST /education 200 58.529 ms - 289

[2023-07-17 15:54:06] INFO: ::1 POST /education 200 58.529 ms - 289

[2023-07-17 15:56:18] INFO: Request Body: {"title":"ㅋ3로그테스2","major":"11dasf","grades":"11","startDate":"2023-03-03","endDate":"2023-03-03"}
[2023-07-17 15:56:18] INFO: Request Params: {}
[2023-07-17 15:56:18] INFO: Request Body: {"title":"ㅋ3로그테스2","major":"11dasf","grades":"11","startDate":"2023-03-03","endDate":"2023-03-03"}
[2023-07-17 15:56:18] INFO: Request Params: {}
[2023-07-17 15:56:18] INFO: ::1 POST /education 200 61.620 ms - 289

[2023-07-17 15:56:18] INFO: ::1 POST /education 200 61.620 ms - 289

[2023-07-17 15:57:00] INFO: Request Body: {"title":"ㅋ3로그테스2","major":"11dasf","grades":"11","startDate":"2023-03-03","endDate":"2023-03-03"}
[2023-07-17 15:57:00] INFO: Request Params: {}
[2023-07-17 15:57:00] INFO: Request Body: {"title":"ㅋ3로그테스2","major":"11dasf","grades":"11","startDate":"2023-03-03","endDate":"2023-03-03"}
[2023-07-17 15:57:00] INFO: Request Params: {}
[2023-07-17 15:57:00] INFO: ::1 GET /education 200 27.493 ms - 1733

[2023-07-17 15:57:00] INFO: ::1 GET /education 200 27.493 ms - 1733

[2023-07-17 15:59:00] INFO: Request Body: {"title":"ㅋ3로그테스2","major":"11dasf","grades":"11","startDate":"2023-03-03","endDate":"2023-03-03"}
[2023-07-17 15:59:00] INFO: Request Params: {}
[2023-07-17 15:59:00] INFO: Request Body: {"title":"ㅋ3로그테스2","major":"11dasf","grades":"11","startDate":"2023-03-03","endDate":"2023-03-03"}
[2023-07-17 15:59:00] INFO: Request Params: {}
[2023-07-17 15:59:00] INFO: ::1 GET /education/64b35d374372a1e7d83f77ee 200 19.269 ms - 1733

[2023-07-17 15:59:00] INFO: ::1 GET /education/64b35d374372a1e7d83f77ee 200 19.269 ms - 1733

[2023-07-17 15:59:37] INFO: Request Body: {"title":"ㅋ3로그테스2","major":"11sadfdsaff","grades":"11","startDate":"2023-03-03","endDate":"2023-03-03"}
[2023-07-17 15:59:37] INFO: Request Params: {}
[2023-07-17 15:59:37] INFO: Request Body: {"title":"ㅋ3로그테스2","major":"11sadfdsaff","grades":"11","startDate":"2023-03-03","endDate":"2023-03-03"}
[2023-07-17 15:59:37] INFO: Request Params: {}
[2023-07-17 15:59:37] INFO: ::1 PUT /education/:educationId 200 15.888 ms - 54

[2023-07-17 15:59:37] INFO: ::1 PUT /education/:educationId 200 15.888 ms - 54

[2023-07-17 16:01:07] INFO: Request Body: {"title":"ㅋ3로그테스2","major":"11sadfdsaff","grades":"11","startDate":"2023-03-03","endDate":"2023-03-03"}
[2023-07-17 16:01:07] INFO: Request Params: {}
[2023-07-17 16:01:07] INFO: Request Body: {"title":"ㅋ3로그테스2","major":"11sadfdsaff","grades":"11","startDate":"2023-03-03","endDate":"2023-03-03"}
[2023-07-17 16:01:07] INFO: Request Params: {}
[2023-07-17 16:01:07] INFO: ::1 PUT /education/64b4e612a7e9d27c0da1b087 200 55.613 ms - 294

[2023-07-17 16:01:07] INFO: ::1 PUT /education/64b4e612a7e9d27c0da1b087 200 55.613 ms - 294

[2023-07-17 16:01:23] INFO: Request Body: {"title":"ㅋ3로그테스2","major":"11sadfdsaff","grades":"11","startDate":"2023-03-03","endDate":"2023-03-03"}
[2023-07-17 16:01:23] INFO: Request Params: {}
[2023-07-17 16:01:23] INFO: Request Body: {"title":"ㅋ3로그테스2","major":"11sadfdsaff","grades":"11","startDate":"2023-03-03","endDate":"2023-03-03"}
[2023-07-17 16:01:23] INFO: Request Params: {}
[2023-07-17 16:01:23] INFO: ::1 DELETE /education/64b4e612a7e9d27c0da1b087 201 25.305 ms - 294

[2023-07-17 16:01:23] INFO: ::1 DELETE /education/64b4e612a7e9d27c0da1b087 201 25.305 ms - 294

[2023-07-17 16:06:34] INFO: Request Body: {"title":"ㅋ3로그테스2","major":"11sadfdsaff","grades":"11","startDate":"2023-03-03","endDate":"2023-03-03"}
[2023-07-17 16:06:34] INFO: Request Params: {}
[2023-07-17 16:06:34] INFO: Request Body: {"title":"ㅋ3로그테스2","major":"11sadfdsaff","grades":"11","startDate":"2023-03-03","endDate":"2023-03-03"}
[2023-07-17 16:06:34] INFO: Request Params: {}
[2023-07-17 16:06:34] INFO: ::1 POST /education 200 56.989 ms - 294

[2023-07-17 16:06:34] INFO: ::1 POST /education 200 56.989 ms - 294

[2023-07-17 16:07:11] INFO: Request Body: {"title":"ㅋ3로그테스2","major":"11sadfdsaff","grades":"11","startDate":"2023-03-03","endDate":"2023-03-03"}
[2023-07-17 16:07:11] INFO: Request Params: {}
[2023-07-17 16:07:11] INFO: Request Body: {"title":"ㅋ3로그테스2","major":"11sadfdsaff","grades":"11","startDate":"2023-03-03","endDate":"2023-03-03"}
[2023-07-17 16:07:11] INFO: Request Params: {}
[2023-07-17 16:07:11] INFO: ::1 POST /education 200 66.890 ms - 294

[2023-07-17 16:07:11] INFO: ::1 POST /education 200 66.890 ms - 294

[2023-07-17 16:08:08] INFO: Request Body: {"title":"ㅋ3로그테스2","major":"11sadfdsaff","grades":"11","startDate":"2023-03-03","endDate":"2023-03-03"}
[2023-07-17 16:08:08] INFO: Request Params: {}
[2023-07-17 16:08:08] INFO: Request Body: {"title":"ㅋ3로그테스2","major":"11sadfdsaff","grades":"11","startDate":"2023-03-03","endDate":"2023-03-03"}
[2023-07-17 16:08:08] INFO: Request Params: {}
[2023-07-17 16:08:08] INFO: ::1 POST /education 200 62.793 ms - 294

[2023-07-17 16:08:08] INFO: ::1 POST /education 200 62.793 ms - 294

[2023-07-17 16:08:34] INFO: Request Body: {"title":"ㅋ3로그테스2","major":"11sadfdsaff","grades":"11","startDate":"2023-03-03","endDate":"2023-03-03"}
[2023-07-17 16:08:34] INFO: Request Params: {}
[2023-07-17 16:08:34] INFO: Request Body: {"title":"ㅋ3로그테스2","major":"11sadfdsaff","grades":"11","startDate":"2023-03-03","endDate":"2023-03-03"}
[2023-07-17 16:08:34] INFO: Request Params: {}
[2023-07-17 16:08:34] INFO: ::1 POST /education 200 49.129 ms - 294

[2023-07-17 16:08:34] INFO: ::1 POST /education 200 49.129 ms - 294

[2023-07-17 16:09:14] INFO: Request Body: {"title":"ㅋ3로그테스2","major":"11sadfdsaff","grades":"11","startDate":"2023-03-03","endDate":"2023-03-03"}
[2023-07-17 16:09:14] INFO: Request Params: {}
[2023-07-17 16:09:14] INFO: Request Body: {"title":"ㅋ3로그테스2","major":"11sadfdsaff","grades":"11","startDate":"2023-03-03","endDate":"2023-03-03"}
[2023-07-17 16:09:14] INFO: Request Params: {}
[2023-07-17 16:09:14] INFO: ::1 POST /education 200 61.474 ms - 294

[2023-07-17 16:09:14] INFO: ::1 POST /education 200 61.474 ms - 294

[2023-07-17 16:12:23] INFO: Request Body: {"title":"ㅋ3로그테스2","major":"11sadfdsaff","grades":"11","startDate":"2023-03-03","endDate":"2023-03-03"}
[2023-07-17 16:12:23] INFO: Request Params: {}
[2023-07-17 16:12:23] INFO: Request Body: {"title":"ㅋ3로그테스2","major":"11sadfdsaff","grades":"11","startDate":"2023-03-03","endDate":"2023-03-03"}
[2023-07-17 16:12:23] INFO: Request Params: {}
[2023-07-17 16:12:23] INFO: ::1 POST /education 200 46.354 ms - 294

[2023-07-17 16:12:23] INFO: ::1 POST /education 200 46.354 ms - 294

[2023-07-17 16:13:30] INFO: Request Body: {"title":"ㅋ3로그테스2","license":"11","issuer":"sadf","issuedDate":"2023-03-03","langscore":"1"}
[2023-07-17 16:13:30] INFO: Request Params: {}
[2023-07-17 16:13:30] INFO: ::1 POST /crtfc 200 25.443 ms - 267

