Arguments: 
  C:\Program Files\nodejs\node.exe C:\Program Files (x86)\Yarn\bin\yarn.js

PATH: 
  C:\Users\nib09\bin;C:\Program Files\Git\mingw64\bin;C:\Program Files\Git\usr\local\bin;C:\Program Files\Git\usr\bin;C:\Program Files\Git\usr\bin;C:\Program Files\Git\mingw64\bin;C:\Program Files\Git\usr\bin;C:\Users\nib09\bin;C:\WINDOWS\system32;C:\WINDOWS;C:\WINDOWS\System32\Wbem;C:\WINDOWS\System32\WindowsPowerShell\v1.0;C:\WINDOWS\System32\OpenSSH;C:\Program Files\nodejs;C:\ProgramData\chocolatey\bin;C:\Program Files\Git\cmd;C:\Strawberry\c\bin;C:\Strawberry\perl\site\bin;C:\Strawberry\perl\bin;C:\Program Files\MongoDB\Server\6.3\bin;C:\Program Files (x86)\Yarn\bin;C:\Users\nib09\AppData\Local\Microsoft\WindowsApps;C:\Users\nib09\AppData\Local\Programs\Microsoft VS Code\bin;C:\Users\nib09\AppData\Roaming\npm;C:\Users\nib09\AppData\Local\Yarn\bin;C:\Program Files\Git\usr\bin\vendor_perl;C:\Program Files\Git\usr\bin\core_perl

Yarn version: 
  1.22.19

Node version: 
  18.16.0

Platform: 
  win32 x64

Trace: 
  Error: EPERM: operation not permitted, unlink 'C:\Users\nib09\Desktop\eliceProject\teamproject\back\node_modules\bcrypt\lib\binding\napi-v3\bcrypt_lib.node'

npm manifest: 
  {
    "name": "cafe-server",
    "version": "1.0.0",
    "description": "",
    "main": "index.js",
    "scripts": {
      "start": "nodemon index.js --exec babel-node",
      "test": "jest --setupFiles dotenv/config"
    },
    "repository": {
      "type": "git",
      "url": "git+https://github.com/"
    },
    "keywords": [],
    "author": "",
    "license": "ISC",
    "bugs": {
      "url": "https://github.com/"
    },
    "homepage": "https://github.com/",
    "dependencies": {
      "@sindresorhus/is": "^4.2.0",
      "babel-node": "^0.0.1-security",
      "bcrypt": "^5.0.1",
      "cors": "^2.8.5",
      "express": "^4.17.1",
      "jest": "^27.3.1",
      "jsonwebtoken": "^8.5.1",
      "mongoose": "^6.2.1",
      "nanoid": "^2.1.1",
      "supertest": "^6.1.6",
      "uuid": "^8.3.2"
    },
    "devDependencies": {
      "@babel/cli": "^7.17.0",
      "@babel/core": "^7.17.0",
      "@babel/node": "^7.16.8",
      "@babel/plugin-transform-runtime": "^7.17.0",
      "@babel/preset-env": "^7.16.4",
      "dotenv": "^16.0.0",
      "nodemon": "^2.0.22"
    },
    "jest": {
      "testEnvironment": "node",
      "coveragePathIgnorePatterns": [
        "/node_modules/"
      ],
      "modulePathIgnorePatterns": [
        "__config__"
      ]
    }
  }

yarn manifest: 
  No manifest

Lockfile: 
  No lockfile
