[2023-07-17 22:00:40] INFO: Request Body: 200 qqqqqqqqqqqqqqq {"title":"ㅋ3로그테스2","license1":"11","issuer":"sadf","issuedDate":"2023-03-03","langscore":"1"}
[2023-07-17 22:01:33] INFO: Request Body: 200 qqqqqqqqqqqqqqq {"title":"ㅋ3로그테스2","license1":"11","issuer":"sadf","issuedDate":"2023-03-03","langscore":"1"}
[2023-07-17 22:01:33] INFO: ::1 POST /crtfc 400 9.047 ms - 35

[2023-07-17 22:02:10] INFO: Request Body: 200 qqqqqqqqqqqqqqq {"title":"ㅋ3로그테스2","license1":"11","issuer":"sadf","issuedDate":"2023-03-03","langscore":"1"}
[2023-07-17 22:02:31] INFO: Request Body: 200 qqqqqqqqqqqqqqq {"title":"ㅋ3로그테스2","license1":"11","issuer":"sadf","issuedDate":"2023-03-03","langscore":"1"}
[2023-07-17 22:02:47] INFO: Request Body: 200 qqqqqqqqqqqqqqq {"title":"ㅋ3로그테스2","license1":"11","issuer":"sadf","issuedDate":"2023-03-03","langscore":"1"}
[2023-07-17 22:02:47] INFO: ::1 POST /crtfc 400 14.902 ms - 35

[2023-07-17 22:07:22] INFO: Request Body: 200 qqqqqqqqqqqqqqq {"title":"ㅋ3로그테스2","license1":"11","issuer":"sadf","issuedDate":"2023-03-03","langscore":"1"}
[2023-07-17 22:07:22] INFO: ::1 POST /crtfc 400 11.198 ms - 35

[2023-07-17 22:07:51] INFO: Request Body: 200 qqqqqqqqqqqqqqq {"title":"ㅋ3로그테스2","license1":"11","issuer":"sadf","issuedDate":"2023-03-03","langscore":"1"}
[2023-07-17 22:07:51] INFO: ::1 POST /crtfc 400 12.294 ms - 35

[2023-07-17 22:09:08] INFO: Request Body: 200 qqqqqqqqqqqqqqq {"title":"ㅋ3로그테스2","license1":"11","issuer":"sadf","issuedDate":"2023-03-03","langscore":"1"}
[2023-07-17 22:09:09] INFO: ::1 POST /crtfc 400 21.382 ms - 35

[2023-07-17 22:24:41] INFO: Request Body: 200 qqqqqqqqqqqqqqq {"title":"ㅋ3로그테스2","license1":"11","issuer":"sadf","issuedDate":"2023-03-03","langscore":"1"}
[2023-07-17 22:26:39] INFO: Request Body: 200 qqqqqqqqqqqqqqq {"title":"ㅋ3로그테스2","license1":"11","issuer":"sadf","issuedDate":"2023-03-03","langscore":"1"}
[2023-07-17 22:28:01] INFO: Request Body: 200 qqqqqqqqqqqqqqq {"title":"ㅋ3로그테스2","license1":"11","issuer":"sadf","issuedDate":"2023-03-03","langscore":"1"}
[2023-07-17 22:29:08] INFO: Request Body: 200 qqqqqqqqqqqqqqq {"title":"ㅋ3로그테스2","license1":"11","issuer":"sadf","issuedDate":"2023-03-03","langscore":"1"}
[2023-07-17 22:29:08] ERROR: Error occurred. Status Code: 400
[2023-07-17 22:30:09] INFO: ::1 POST /crtfc - - ms - -

[2023-07-17 22:30:12] INFO: Request Body: 200 qqqqqqqqqqqqqqq {"title":"ㅋ3로그테스2","license":"sadfa","issuer":"sadf","issuedDate":"2023-03-03","langscore":"1"}
[2023-07-17 22:30:12] ERROR: Error occurred. Status Code: 400
[2023-07-17 22:30:35] INFO: ::1 POST /crtfc - - ms - -

[2023-07-17 22:30:36] INFO: Request Body: 200 qqqqqqqqqqqqqqq {"title":"ㅋ3로그테스2","license":"11","issuer":"sadf","issuedDate":"2023-03-03","langscore":"1"}
[2023-07-17 22:30:46] INFO: ::1 POST /crtfc - - ms - -

[2023-07-17 22:32:21] INFO: Request Body: 200 qqqqqqqqqqqqqqq {"title":"ㅋ3로그테스2","license":"asdf","issuer":"sadf","issuedDate":"2023-03-03","langscore":"1"}
[2023-07-17 22:32:21] ERROR: Error occurred. Status Code: 400
[2023-07-17 22:32:31] INFO: ::1 POST /crtfc - - ms - -

[2023-07-17 22:32:32] INFO: Request Body: 200 qqqqqqqqqqqqqqq {"title":"ㅋ3로그테스2","license":"11","issuer":"sadf","issuedDate":"2023-03-03","langscore":"1"}
[2023-07-17 22:32:32] INFO: ::1 POST /crtfc 200 48.269 ms - 267

[2023-07-17 22:38:27] INFO: Request Body: 200 qqqqqqqqqqqqqqq {"title":"ㅋ3로그테스2","major":"11dd","grades":"11","startDate":"2023-03-03","endDate":"2023-03-03"}
[2023-07-17 22:38:27] INFO: Request Body: 200 qqqqqqqqqqqqqqq {"title":"ㅋ3로그테스2","major":"11dd","grades":"11","startDate":"2023-03-03","endDate":"2023-03-03"}
[2023-07-17 22:38:28] INFO: ::1 POST /education 200 45.443 ms - 287

[2023-07-17 22:38:28] INFO: ::1 POST /education 200 45.443 ms - 287

[2023-07-17 22:39:10] INFO: Request Body: 200 qqqqqqqqqqqqqqq {"title":"ㅋ3로그테스2","major":"11dd","grades":"11dsaf","startDate":"2023-03-03","endDate":"2023-03-03"}
[2023-07-17 22:39:10] INFO: Request Body: 200 qqqqqqqqqqqqqqq {"title":"ㅋ3로그테스2","major":"11dd","grades":"11dsaf","startDate":"2023-03-03","endDate":"2023-03-03"}
[2023-07-17 22:39:10] INFO: ::1 POST /education 400 8.311 ms - -

[2023-07-17 22:39:10] INFO: ::1 POST /education 400 8.311 ms - -

[2023-07-17 22:40:59] INFO: Request Body: 200 qqqqqqqqqqqqqqq {"title":"ㅋ3로그테스2","major":"11dd","grades":"11dsaf","startDate":"2023-03-03","endDate":"2023-03-03"}
[2023-07-17 22:40:59] INFO: Request Body: 200 qqqqqqqqqqqqqqq {"title":"ㅋ3로그테스2","major":"11dd","grades":"11dsaf","startDate":"2023-03-03","endDate":"2023-03-03"}
[2023-07-17 22:40:59] INFO: ::1 POST /education 400 15.146 ms - -

[2023-07-17 22:40:59] INFO: ::1 POST /education 400 15.146 ms - -

[2023-07-17 22:41:46] INFO: Request Body: 200 qqqqqqqqqqqqqqq {"title":"ㅋ3로그테스2","major":"11dd","grades11":"11","startDate":"2023-03-03","endDate":"2023-03-03"}
[2023-07-17 22:41:46] INFO: Request Body: 200 qqqqqqqqqqqqqqq {"title":"ㅋ3로그테스2","major":"11dd","grades11":"11","startDate":"2023-03-03","endDate":"2023-03-03"}
[2023-07-17 22:41:46] INFO: ::1 POST /education 400 4.989 ms - -

[2023-07-17 22:41:46] INFO: ::1 POST /education 400 4.989 ms - -

[2023-07-17 22:52:01] INFO: Request Body: 200 {"title":"ㅋ3로그테스2","major":"11dd","grades11":"11","startDate":"2023-03-03","endDate":"2023-03-03"}
[2023-07-17 22:52:01] INFO: Request Body: 200 {"title":"ㅋ3로그테스2","major":"11dd","grades11":"11","startDate":"2023-03-03","endDate":"2023-03-03"}
[2023-07-17 22:52:01] ERROR: Error occurred. Status Code: 400
[2023-07-17 22:52:04] INFO: ::1 POST /education - - ms - -

[2023-07-17 22:52:04] INFO: ::1 POST /education - - ms - -

[2023-07-17 22:52:08] INFO: Request Body: 200 {"title":"ㅋ3로그테스2","major":"11dd","grades":"11","startDate":"2023-03-03","endDate":"2023-03-03"}
[2023-07-17 22:52:08] INFO: Request Body: 200 {"title":"ㅋ3로그테스2","major":"11dd","grades":"11","startDate":"2023-03-03","endDate":"2023-03-03"}
[2023-07-17 22:52:08] INFO: ::1 POST /education 200 103.674 ms - 287

[2023-07-17 22:52:08] INFO: ::1 POST /education 200 103.674 ms - 287

[2023-07-17 22:54:07] INFO: Request Body: 200 {"title":"ㅋ3로그테스2","major":"11dd","grades1":"11","startDate":"2023-03-03","endDate":"2023-03-03"}
[2023-07-17 22:54:07] INFO: Request Body: 200 {"title":"ㅋ3로그테스2","major":"11dd","grades1":"11","startDate":"2023-03-03","endDate":"2023-03-03"}
[2023-07-17 22:54:07] INFO: ::1 PUT /education/64b54788e7da70bec13e4a12 200 56.162 ms - 287

[2023-07-17 22:54:07] INFO: ::1 PUT /education/64b54788e7da70bec13e4a12 200 56.162 ms - 287

[2023-07-17 22:54:48] INFO: Request Body: 200 {"title":"ㅋ3로그테스2","major":"11dd","grades":"asdf","startDate":"2023-03-03","endDate":"2023-03-03"}
[2023-07-17 22:54:48] INFO: Request Body: 200 {"title":"ㅋ3로그테스2","major":"11dd","grades":"asdf","startDate":"2023-03-03","endDate":"2023-03-03"}
[2023-07-17 22:54:48] ERROR: Error occurred. Status Code: 404
[2023-07-17 22:54:50] INFO: ::1 PUT /education/64b54788e7da70bec13e4a12 - - ms - -

[2023-07-17 22:54:50] INFO: ::1 PUT /education/64b54788e7da70bec13e4a12 - - ms - -

[2023-07-17 22:55:14] INFO: Request Body: 200 {"title":"ㅋ3로그테w스2","major":"11dd","grades":"asdf","startDate":"2023-03-03","endDate":"2023-03-03"}
[2023-07-17 22:55:14] INFO: Request Body: 200 {"title":"ㅋ3로그테w스2","major":"11dd","grades":"asdf","startDate":"2023-03-03","endDate":"2023-03-03"}
[2023-07-17 22:55:14] ERROR: Error occurred. Status Code: 404
[2023-07-17 22:55:18] INFO: ::1 PUT /education/64b54788e7da70bec13e4a12 - - ms - -

[2023-07-17 22:55:18] INFO: ::1 PUT /education/64b54788e7da70bec13e4a12 - - ms - -

[2023-07-17 22:55:21] INFO: Request Body: 200 {"title":"ㅋ3로그테w스2","major":"11dd","grades":"11","startDate":"2023-03-03","endDate":"2023-03-03"}
[2023-07-17 22:55:21] INFO: Request Body: 200 {"title":"ㅋ3로그테w스2","major":"11dd","grades":"11","startDate":"2023-03-03","endDate":"2023-03-03"}
[2023-07-17 22:55:21] INFO: ::1 PUT /education/64b54788e7da70bec13e4a12 200 47.600 ms - 288

[2023-07-17 22:55:21] INFO: ::1 PUT /education/64b54788e7da70bec13e4a12 200 47.600 ms - 288

